[2017-09-11 23:09:00][INFO ][restartedMain][org.springframework.boot.StartupInfoLogger.logStarting:48]:Starting App on USER-NGQ89M13OH with PID 7860 (D:\kaifagongju\myeclipse2017\workspace\graduation.platform\target\classes started by Administrator in D:\kaifagongju\myeclipse2017\workspace\graduation.platform)
[2017-09-11 23:09:00][INFO ][restartedMain][org.springframework.boot.SpringApplication.logStartupProfileInfo:659]:No active profile set, falling back to default profiles: default
[2017-09-11 23:09:13][INFO ][restartedMain][org.springframework.boot.StartupInfoLogger.logStarted:57]:Started App in 15.841 seconds (JVM running for 23.629)
[2017-09-11 23:14:08][INFO ][restartedMain][org.springframework.boot.StartupInfoLogger.logStarting:48]:Starting App on USER-NGQ89M13OH with PID 4728 (D:\kaifagongju\myeclipse2017\workspace\graduation.platform\target\classes started by Administrator in D:\kaifagongju\myeclipse2017\workspace\graduation.platform)
[2017-09-11 23:14:08][INFO ][restartedMain][org.springframework.boot.SpringApplication.logStartupProfileInfo:659]:No active profile set, falling back to default profiles: default
[2017-09-11 23:14:15][INFO ][restartedMain][org.springframework.boot.StartupInfoLogger.logStarted:57]:Started App in 7.532 seconds (JVM running for 8.329)
[2017-09-11 23:15:54][INFO ][restartedMain][org.springframework.boot.StartupInfoLogger.logStarting:48]:Starting App on USER-NGQ89M13OH with PID 3096 (D:\kaifagongju\myeclipse2017\workspace\graduation.platform\target\classes started by Administrator in D:\kaifagongju\myeclipse2017\workspace\graduation.platform)
[2017-09-11 23:15:54][INFO ][restartedMain][org.springframework.boot.SpringApplication.logStartupProfileInfo:659]:No active profile set, falling back to default profiles: default
[2017-09-11 23:16:01][INFO ][restartedMain][org.springframework.boot.StartupInfoLogger.logStarted:57]:Started App in 7.839 seconds (JVM running for 8.544)
[2017-11-10 15:35:25][INFO ][restartedMain][org.springframework.boot.StartupInfoLogger.logStarting:48]:Starting App on USER-NGQ89M13OH with PID 7152 (C:\Users\Administrator\Desktop\graduation.platform\target\classes started by Administrator in C:\Users\Administrator\Desktop\graduation.platform)
[2017-11-10 15:35:25][INFO ][restartedMain][org.springframework.boot.SpringApplication.logStartupProfileInfo:659]:No active profile set, falling back to default profiles: default
[2017-11-10 15:35:38][INFO ][restartedMain][org.springframework.boot.StartupInfoLogger.logStarted:57]:Started App in 14.625 seconds (JVM running for 16.397)
[2017-11-10 18:34:40][INFO ][restartedMain][org.springframework.boot.StartupInfoLogger.logStarting:48]:Starting App on USER-NGQ89M13OH with PID 6800 (started by Administrator in D:\gittest\必设选题系统\graduation.platform)
[2017-11-10 18:34:40][INFO ][restartedMain][org.springframework.boot.SpringApplication.logStartupProfileInfo:659]:No active profile set, falling back to default profiles: default
[2017-11-10 18:35:37][INFO ][restartedMain][org.springframework.boot.StartupInfoLogger.logStarting:48]:Starting App on USER-NGQ89M13OH with PID 6312 (started by Administrator in D:\gittest\必设选题系统\graduation.platform)
[2017-11-10 18:35:37][INFO ][restartedMain][org.springframework.boot.SpringApplication.logStartupProfileInfo:659]:No active profile set, falling back to default profiles: default
[2017-11-10 18:36:28][INFO ][restartedMain][org.springframework.boot.StartupInfoLogger.logStarting:48]:Starting App on USER-NGQ89M13OH with PID 7144 (started by Administrator in D:\gittest\必设选题系统\graduation.platform)
[2017-11-10 18:36:28][INFO ][restartedMain][org.springframework.boot.SpringApplication.logStartupProfileInfo:659]:No active profile set, falling back to default profiles: default
[2017-11-10 18:36:37][INFO ][restartedMain][org.springframework.boot.StartupInfoLogger.logStarted:57]:Started App in 9.567 seconds (JVM running for 10.245)
[2017-11-10 18:46:02][INFO ][http-nio-8080-exec-2][com.glut.aop.WebLogAspect.doBefore:44]:URL : http://127.0.0.1:8080/usr/signin
[2017-11-10 18:46:02][INFO ][http-nio-8080-exec-2][com.glut.aop.WebLogAspect.doBefore:45]:HTTP_METHOD : GET
[2017-11-10 18:46:02][INFO ][http-nio-8080-exec-2][com.glut.aop.WebLogAspect.doBefore:46]:IP : 127.0.0.1
[2017-11-10 18:46:02][INFO ][http-nio-8080-exec-2][com.glut.aop.WebLogAspect.doBefore:47]:CLASS_METHOD : com.glut.user.controller.UserController.signIn
[2017-11-10 18:46:02][INFO ][http-nio-8080-exec-2][com.glut.aop.WebLogAspect.doBefore:49]:ARGS : [3, 123, 123, org.apache.catalina.connector.RequestFacade@50f4bca, org.apache.catalina.connector.ResponseFacade@6c23a989]
[2017-11-10 18:46:03][INFO ][http-nio-8080-exec-2][com.glut.aop.WebLogAspect.doAfterReturning:55]:RESPONSE : com.glut.dto.Response@3f5e9c35
[2017-11-10 18:46:03][INFO ][http-nio-8080-exec-2][com.glut.aop.WebLogAspect.doAfterReturning:56]:SPEND TIME : 1099
[2017-11-10 18:46:38][INFO ][restartedMain][org.springframework.boot.StartupInfoLogger.logStarting:48]:Starting App on USER-NGQ89M13OH with PID 7144 (started by Administrator in D:\gittest\必设选题系统\graduation.platform)
[2017-11-10 18:46:38][INFO ][restartedMain][org.springframework.boot.SpringApplication.logStartupProfileInfo:659]:No active profile set, falling back to default profiles: default
[2017-11-10 18:46:40][INFO ][restartedMain][org.springframework.boot.StartupInfoLogger.logStarted:57]:Started App in 1.949 seconds (JVM running for 613.13)
[2017-11-10 18:46:46][INFO ][http-nio-8080-exec-1][com.glut.aop.WebLogAspect.doBefore:44]:URL : http://127.0.0.1:8080/usr/signin
[2017-11-10 18:46:46][INFO ][http-nio-8080-exec-1][com.glut.aop.WebLogAspect.doBefore:45]:HTTP_METHOD : GET
[2017-11-10 18:46:46][INFO ][http-nio-8080-exec-1][com.glut.aop.WebLogAspect.doBefore:46]:IP : 127.0.0.1
[2017-11-10 18:46:46][INFO ][http-nio-8080-exec-1][com.glut.aop.WebLogAspect.doBefore:47]:CLASS_METHOD : com.glut.user.controller.UserController.signIn
[2017-11-10 18:46:46][INFO ][http-nio-8080-exec-1][com.glut.aop.WebLogAspect.doBefore:49]:ARGS : [3, 123, 123, org.apache.catalina.connector.RequestFacade@46a2698e, org.apache.catalina.connector.ResponseFacade@bd02258]
[2017-11-10 18:46:46][DEBUG][http-nio-8080-exec-1][org.apache.ibatis.logging.jdbc.BaseJdbcLogger.debug:145]:==>  Preparing: SELECT a.aid id,a.name FROM admin a WHERE a.username=? AND a.password=? 
[2017-11-10 18:46:46][DEBUG][http-nio-8080-exec-1][org.apache.ibatis.logging.jdbc.BaseJdbcLogger.debug:145]:==> Parameters: 123(String), 123(String)
[2017-11-10 18:46:46][DEBUG][http-nio-8080-exec-1][org.apache.ibatis.logging.jdbc.BaseJdbcLogger.debug:145]:<==      Total: 0
[2017-11-10 18:46:46][INFO ][http-nio-8080-exec-1][com.glut.aop.WebLogAspect.doAfterReturning:55]:RESPONSE : com.glut.dto.Response@7dbb79fa
[2017-11-10 18:46:46][INFO ][http-nio-8080-exec-1][com.glut.aop.WebLogAspect.doAfterReturning:56]:SPEND TIME : 102
[2017-11-10 18:47:52][INFO ][http-nio-8080-exec-3][com.glut.aop.WebLogAspect.doBefore:44]:URL : http://127.0.0.1:8080/usr/signin
[2017-11-10 18:47:52][INFO ][http-nio-8080-exec-3][com.glut.aop.WebLogAspect.doBefore:45]:HTTP_METHOD : GET
[2017-11-10 18:47:52][INFO ][http-nio-8080-exec-3][com.glut.aop.WebLogAspect.doBefore:46]:IP : 127.0.0.1
[2017-11-10 18:47:52][INFO ][http-nio-8080-exec-3][com.glut.aop.WebLogAspect.doBefore:47]:CLASS_METHOD : com.glut.user.controller.UserController.signIn
[2017-11-10 18:47:52][INFO ][http-nio-8080-exec-3][com.glut.aop.WebLogAspect.doBefore:49]:ARGS : [3, 123, 123, org.apache.catalina.connector.RequestFacade@46a2698e, org.apache.catalina.connector.ResponseFacade@bd02258]
[2017-11-10 18:47:52][DEBUG][http-nio-8080-exec-3][org.apache.ibatis.logging.jdbc.BaseJdbcLogger.debug:145]:==>  Preparing: SELECT a.aid id,a.name FROM admin a WHERE a.username=? AND a.password=? 
[2017-11-10 18:47:52][DEBUG][http-nio-8080-exec-3][org.apache.ibatis.logging.jdbc.BaseJdbcLogger.debug:145]:==> Parameters: 123(String), 123(String)
[2017-11-10 18:47:52][DEBUG][http-nio-8080-exec-3][org.apache.ibatis.logging.jdbc.BaseJdbcLogger.debug:145]:<==      Total: 0
[2017-11-10 18:47:52][INFO ][http-nio-8080-exec-3][com.glut.aop.WebLogAspect.doAfterReturning:55]:RESPONSE : com.glut.dto.Response@6a0f220a
[2017-11-10 18:47:52][INFO ][http-nio-8080-exec-3][com.glut.aop.WebLogAspect.doAfterReturning:56]:SPEND TIME : 9
[2017-11-10 18:48:18][INFO ][restartedMain][org.springframework.boot.StartupInfoLogger.logStarting:48]:Starting App on USER-NGQ89M13OH with PID 7144 (started by Administrator in D:\gittest\必设选题系统\graduation.platform)
[2017-11-10 18:48:18][INFO ][restartedMain][org.springframework.boot.SpringApplication.logStartupProfileInfo:659]:No active profile set, falling back to default profiles: default
[2017-11-10 18:48:19][INFO ][restartedMain][org.springframework.boot.StartupInfoLogger.logStarted:57]:Started App in 1.709 seconds (JVM running for 712.129)
[2017-11-10 18:48:26][INFO ][http-nio-8080-exec-1][com.glut.aop.WebLogAspect.doBefore:44]:URL : http://127.0.0.1:8080/usr/signin
[2017-11-10 18:48:26][INFO ][http-nio-8080-exec-1][com.glut.aop.WebLogAspect.doBefore:45]:HTTP_METHOD : GET
[2017-11-10 18:48:26][INFO ][http-nio-8080-exec-1][com.glut.aop.WebLogAspect.doBefore:46]:IP : 127.0.0.1
[2017-11-10 18:48:26][INFO ][http-nio-8080-exec-1][com.glut.aop.WebLogAspect.doBefore:47]:CLASS_METHOD : com.glut.user.controller.UserController.signIn
[2017-11-10 18:48:26][INFO ][http-nio-8080-exec-1][com.glut.aop.WebLogAspect.doBefore:49]:ARGS : [3, 123, 444, org.apache.catalina.connector.RequestFacade@7d579f08, org.apache.catalina.connector.ResponseFacade@38550ec6]
[2017-11-10 18:48:26][DEBUG][http-nio-8080-exec-1][org.apache.ibatis.logging.jdbc.BaseJdbcLogger.debug:145]:==>  Preparing: SELECT a.aid id,a.name FROM admin a WHERE a.username=? AND a.password=? 
[2017-11-10 18:48:26][DEBUG][http-nio-8080-exec-1][org.apache.ibatis.logging.jdbc.BaseJdbcLogger.debug:145]:==> Parameters: 123(String), 444(String)
[2017-11-10 18:48:26][DEBUG][http-nio-8080-exec-1][org.apache.ibatis.logging.jdbc.BaseJdbcLogger.debug:145]:<==      Total: 0
[2017-11-10 18:48:26][INFO ][http-nio-8080-exec-1][com.glut.aop.WebLogAspect.doAfterReturning:55]:RESPONSE : com.glut.dto.Response@74bf63b3
[2017-11-10 18:48:26][INFO ][http-nio-8080-exec-1][com.glut.aop.WebLogAspect.doAfterReturning:56]:SPEND TIME : 80
[2017-11-10 18:48:29][INFO ][http-nio-8080-exec-3][com.glut.aop.WebLogAspect.doBefore:44]:URL : http://127.0.0.1:8080/usr/signin
[2017-11-10 18:48:29][INFO ][http-nio-8080-exec-3][com.glut.aop.WebLogAspect.doBefore:45]:HTTP_METHOD : GET
[2017-11-10 18:48:29][INFO ][http-nio-8080-exec-3][com.glut.aop.WebLogAspect.doBefore:46]:IP : 127.0.0.1
[2017-11-10 18:48:29][INFO ][http-nio-8080-exec-3][com.glut.aop.WebLogAspect.doBefore:47]:CLASS_METHOD : com.glut.user.controller.UserController.signIn
[2017-11-10 18:48:29][INFO ][http-nio-8080-exec-3][com.glut.aop.WebLogAspect.doBefore:49]:ARGS : [3, 123, 456, org.apache.catalina.connector.RequestFacade@7d579f08, org.apache.catalina.connector.ResponseFacade@38550ec6]
[2017-11-10 18:48:29][DEBUG][http-nio-8080-exec-3][org.apache.ibatis.logging.jdbc.BaseJdbcLogger.debug:145]:==>  Preparing: SELECT a.aid id,a.name FROM admin a WHERE a.username=? AND a.password=? 
[2017-11-10 18:48:29][DEBUG][http-nio-8080-exec-3][org.apache.ibatis.logging.jdbc.BaseJdbcLogger.debug:145]:==> Parameters: 123(String), 456(String)
[2017-11-10 18:48:29][DEBUG][http-nio-8080-exec-3][org.apache.ibatis.logging.jdbc.BaseJdbcLogger.debug:145]:<==      Total: 1
[2017-11-10 18:48:29][INFO ][http-nio-8080-exec-3][com.glut.aop.WebLogAspect.doAfterReturning:55]:RESPONSE : com.glut.dto.Response@907aa3b
[2017-11-10 18:48:29][INFO ][http-nio-8080-exec-3][com.glut.aop.WebLogAspect.doAfterReturning:56]:SPEND TIME : 16
[2017-11-10 18:58:41][INFO ][restartedMain][org.springframework.boot.StartupInfoLogger.logStarting:48]:Starting App on USER-NGQ89M13OH with PID 1308 (started by Administrator in D:\gittest\必设选题系统\graduation.platform)
[2017-11-10 18:58:41][INFO ][restartedMain][org.springframework.boot.SpringApplication.logStartupProfileInfo:659]:No active profile set, falling back to default profiles: default
[2017-11-10 18:58:48][INFO ][restartedMain][org.springframework.boot.StartupInfoLogger.logStarted:57]:Started App in 7.352 seconds (JVM running for 8.002)
[2017-11-10 18:59:47][INFO ][restartedMain][org.springframework.boot.StartupInfoLogger.logStarting:48]:Starting App on USER-NGQ89M13OH with PID 1308 (started by Administrator in D:\gittest\必设选题系统\graduation.platform)
[2017-11-10 18:59:47][INFO ][restartedMain][org.springframework.boot.SpringApplication.logStartupProfileInfo:659]:No active profile set, falling back to default profiles: default
[2017-11-10 18:59:49][INFO ][restartedMain][org.springframework.boot.StartupInfoLogger.logStarted:57]:Started App in 1.915 seconds (JVM running for 68.814)
[2017-11-10 19:00:16][INFO ][http-nio-8080-exec-1][com.glut.aop.WebLogAspect.doBefore:44]:URL : http://127.0.0.1:8080/usr/signin
[2017-11-10 19:00:16][INFO ][http-nio-8080-exec-1][com.glut.aop.WebLogAspect.doBefore:45]:HTTP_METHOD : GET
[2017-11-10 19:00:16][INFO ][http-nio-8080-exec-1][com.glut.aop.WebLogAspect.doBefore:46]:IP : 127.0.0.1
[2017-11-10 19:00:16][INFO ][http-nio-8080-exec-1][com.glut.aop.WebLogAspect.doBefore:47]:CLASS_METHOD : com.glut.user.controller.UserController.signIn
[2017-11-10 19:00:16][INFO ][http-nio-8080-exec-1][com.glut.aop.WebLogAspect.doBefore:49]:ARGS : [3, 123, 456, org.apache.catalina.connector.RequestFacade@48c48c4b, org.apache.catalina.connector.ResponseFacade@615a7e16]
[2017-11-10 19:00:16][DEBUG][http-nio-8080-exec-1][org.apache.ibatis.logging.jdbc.BaseJdbcLogger.debug:145]:==>  Preparing: SELECT a.aid id,a.name FROM admin a WHERE a.username=? AND a.password=? 
[2017-11-10 19:00:16][DEBUG][http-nio-8080-exec-1][org.apache.ibatis.logging.jdbc.BaseJdbcLogger.debug:145]:==> Parameters: 123(String), 456(String)
[2017-11-10 19:00:16][DEBUG][http-nio-8080-exec-1][org.apache.ibatis.logging.jdbc.BaseJdbcLogger.debug:145]:<==      Total: 1
[2017-11-10 19:00:16][INFO ][http-nio-8080-exec-1][com.glut.aop.WebLogAspect.doAfterReturning:55]:RESPONSE : com.glut.dto.Response@25ca011d
[2017-11-10 19:00:16][INFO ][http-nio-8080-exec-1][com.glut.aop.WebLogAspect.doAfterReturning:56]:SPEND TIME : 582
[2017-11-10 19:01:19][INFO ][restartedMain][org.springframework.boot.StartupInfoLogger.logStarting:48]:Starting App on USER-NGQ89M13OH with PID 1308 (started by Administrator in D:\gittest\必设选题系统\graduation.platform)
[2017-11-10 19:01:19][INFO ][restartedMain][org.springframework.boot.SpringApplication.logStartupProfileInfo:659]:No active profile set, falling back to default profiles: default
[2017-11-10 19:01:21][INFO ][restartedMain][org.springframework.boot.StartupInfoLogger.logStarted:57]:Started App in 1.782 seconds (JVM running for 160.797)
[2017-11-10 19:01:42][INFO ][restartedMain][org.springframework.boot.StartupInfoLogger.logStarting:48]:Starting App on USER-NGQ89M13OH with PID 5076 (started by Administrator in D:\gittest\必设选题系统\graduation.platform)
[2017-11-10 19:01:42][INFO ][restartedMain][org.springframework.boot.SpringApplication.logStartupProfileInfo:659]:No active profile set, falling back to default profiles: default
[2017-11-10 19:01:48][INFO ][restartedMain][org.springframework.boot.StartupInfoLogger.logStarted:57]:Started App in 7.073 seconds (JVM running for 7.765)
[2017-11-10 19:02:08][INFO ][http-nio-8080-exec-7][com.glut.aop.WebLogAspect.doBefore:44]:URL : http://127.0.0.1:8080/usr/signin
[2017-11-10 19:02:08][INFO ][http-nio-8080-exec-7][com.glut.aop.WebLogAspect.doBefore:45]:HTTP_METHOD : GET
[2017-11-10 19:02:08][INFO ][http-nio-8080-exec-7][com.glut.aop.WebLogAspect.doBefore:46]:IP : 127.0.0.1
[2017-11-10 19:02:08][INFO ][http-nio-8080-exec-7][com.glut.aop.WebLogAspect.doBefore:47]:CLASS_METHOD : com.glut.user.controller.UserController.signIn
[2017-11-10 19:02:08][INFO ][http-nio-8080-exec-7][com.glut.aop.WebLogAspect.doBefore:49]:ARGS : [3, 123, 456, org.apache.catalina.connector.RequestFacade@69e331b4, org.apache.catalina.connector.ResponseFacade@287670d]
[2017-11-10 19:02:08][DEBUG][http-nio-8080-exec-7][org.apache.ibatis.logging.jdbc.BaseJdbcLogger.debug:145]:==>  Preparing: SELECT a.aid id,a.name FROM admin a WHERE a.username=? AND a.password=? 
[2017-11-10 19:02:08][DEBUG][http-nio-8080-exec-7][org.apache.ibatis.logging.jdbc.BaseJdbcLogger.debug:145]:==> Parameters: 123(String), 456(String)
[2017-11-10 19:02:08][DEBUG][http-nio-8080-exec-7][org.apache.ibatis.logging.jdbc.BaseJdbcLogger.debug:145]:<==      Total: 1
[2017-11-10 19:02:08][INFO ][http-nio-8080-exec-7][com.glut.aop.WebLogAspect.doAfterReturning:55]:RESPONSE : com.glut.dto.Response@b54fb03
[2017-11-10 19:02:08][INFO ][http-nio-8080-exec-7][com.glut.aop.WebLogAspect.doAfterReturning:56]:SPEND TIME : 533
[2017-11-10 19:02:30][INFO ][restartedMain][org.springframework.boot.StartupInfoLogger.logStarting:48]:Starting App on USER-NGQ89M13OH with PID 5076 (started by Administrator in D:\gittest\必设选题系统\graduation.platform)
[2017-11-10 19:02:30][INFO ][restartedMain][org.springframework.boot.SpringApplication.logStartupProfileInfo:659]:No active profile set, falling back to default profiles: default
[2017-11-10 19:02:32][INFO ][restartedMain][org.springframework.boot.StartupInfoLogger.logStarted:57]:Started App in 1.971 seconds (JVM running for 51.592)
[2017-10-11 20:34:56][INFO ][main][org.springframework.boot.StartupInfoLogger.logStarting:48]:Starting MySpringBootTest on lyh with PID 10668 (started by ausu1 in D:\毕设选题系统\graduation.platform-master\graduation.platform\graduation.platform)
[2017-10-11 20:34:56][INFO ][main][org.springframework.boot.SpringApplication.logStartupProfileInfo:659]:No active profile set, falling back to default profiles: default
[2017-10-11 20:35:01][INFO ][main][org.springframework.boot.StartupInfoLogger.logStarted:57]:Started MySpringBootTest in 5.969 seconds (JVM running for 7.687)
[2017-10-11 20:37:17][INFO ][main][org.springframework.boot.StartupInfoLogger.logStarting:48]:Starting MySpringBootTest on lyh with PID 8224 (started by ausu1 in D:\毕设选题系统\graduation.platform-master\graduation.platform\graduation.platform)
[2017-10-11 20:37:17][INFO ][main][org.springframework.boot.SpringApplication.logStartupProfileInfo:659]:No active profile set, falling back to default profiles: default
[2017-10-11 20:37:21][INFO ][main][org.springframework.boot.StartupInfoLogger.logStarted:57]:Started MySpringBootTest in 5.104 seconds (JVM running for 5.968)
[2017-10-11 20:40:59][INFO ][main][org.springframework.boot.StartupInfoLogger.logStarting:48]:Starting MySpringBootTest on lyh with PID 5776 (started by ausu1 in D:\毕设选题系统\graduation.platform-master\graduation.platform\graduation.platform)
[2017-10-11 20:40:59][INFO ][main][org.springframework.boot.SpringApplication.logStartupProfileInfo:659]:No active profile set, falling back to default profiles: default
[2017-10-11 20:41:25][INFO ][main][org.springframework.boot.StartupInfoLogger.logStarting:48]:Starting MySpringBootTest on lyh with PID 76 (started by ausu1 in D:\毕设选题系统\graduation.platform-master\graduation.platform\graduation.platform)
[2017-10-11 20:41:25][INFO ][main][org.springframework.boot.SpringApplication.logStartupProfileInfo:659]:No active profile set, falling back to default profiles: default
[2017-10-11 20:42:45][INFO ][main][org.springframework.boot.StartupInfoLogger.logStarting:48]:Starting MySpringBootTest on lyh with PID 1312 (started by ausu1 in D:\毕设选题系统\graduation.platform-master\graduation.platform\graduation.platform)
[2017-10-11 20:42:45][INFO ][main][org.springframework.boot.SpringApplication.logStartupProfileInfo:659]:No active profile set, falling back to default profiles: default
[2017-10-11 20:42:49][INFO ][main][org.springframework.boot.StartupInfoLogger.logStarted:57]:Started MySpringBootTest in 5.16 seconds (JVM running for 6.386)
[2017-10-11 20:44:50][INFO ][main][org.springframework.boot.StartupInfoLogger.logStarting:48]:Starting MySpringBootTest on lyh with PID 10516 (started by ausu1 in D:\毕设选题系统\graduation.platform-master\graduation.platform\graduation.platform)
[2017-10-11 20:44:50][INFO ][main][org.springframework.boot.SpringApplication.logStartupProfileInfo:659]:No active profile set, falling back to default profiles: default
[2017-10-11 20:44:55][INFO ][main][org.springframework.boot.StartupInfoLogger.logStarted:57]:Started MySpringBootTest in 4.991 seconds (JVM running for 5.843)
[2017-10-11 20:46:03][INFO ][main][org.springframework.boot.StartupInfoLogger.logStarting:48]:Starting MySpringBootTest on lyh with PID 8780 (started by ausu1 in D:\毕设选题系统\graduation.platform-master\graduation.platform\graduation.platform)
[2017-10-11 20:46:03][INFO ][main][org.springframework.boot.SpringApplication.logStartupProfileInfo:659]:No active profile set, falling back to default profiles: default
[2017-10-11 20:46:08][INFO ][main][org.springframework.boot.StartupInfoLogger.logStarted:57]:Started MySpringBootTest in 5.011 seconds (JVM running for 5.946)
[2017-10-11 20:47:58][INFO ][main][org.springframework.boot.StartupInfoLogger.logStarting:48]:Starting MySpringBootTest on lyh with PID 5136 (started by ausu1 in D:\毕设选题系统\graduation.platform-master\graduation.platform\graduation.platform)
[2017-10-11 20:47:58][INFO ][main][org.springframework.boot.SpringApplication.logStartupProfileInfo:659]:No active profile set, falling back to default profiles: default
[2017-10-11 20:48:03][INFO ][main][org.springframework.boot.StartupInfoLogger.logStarted:57]:Started MySpringBootTest in 5.242 seconds (JVM running for 6.129)
[2017-10-11 20:51:00][INFO ][main][org.springframework.boot.StartupInfoLogger.logStarting:48]:Starting MySpringBootTest on lyh with PID 7888 (started by ausu1 in D:\毕设选题系统\graduation.platform-master\graduation.platform\graduation.platform)
[2017-10-11 20:51:00][INFO ][main][org.springframework.boot.SpringApplication.logStartupProfileInfo:659]:No active profile set, falling back to default profiles: default
[2017-10-11 20:51:04][INFO ][main][org.springframework.boot.StartupInfoLogger.logStarted:57]:Started MySpringBootTest in 5.044 seconds (JVM running for 5.957)
[2017-10-11 20:51:05][DEBUG][main][org.apache.ibatis.logging.jdbc.BaseJdbcLogger.debug:145]:==>  Preparing: SELECT a.aid id,a.name FROM admin a WHERE a.username=? AND a.password=? 
[2017-10-11 20:51:05][DEBUG][main][org.apache.ibatis.logging.jdbc.BaseJdbcLogger.debug:145]:==> Parameters: admin(String), admin(String)
[2017-10-11 20:53:21][INFO ][main][org.springframework.boot.StartupInfoLogger.logStarting:48]:Starting MySpringBootTest on lyh with PID 7376 (started by ausu1 in D:\毕设选题系统\graduation.platform-master\graduation.platform\graduation.platform)
[2017-10-11 20:53:21][INFO ][main][org.springframework.boot.SpringApplication.logStartupProfileInfo:659]:No active profile set, falling back to default profiles: default
[2017-10-11 20:53:25][INFO ][main][org.springframework.boot.StartupInfoLogger.logStarted:57]:Started MySpringBootTest in 5.126 seconds (JVM running for 6.176)
[2017-10-11 20:53:26][DEBUG][main][org.apache.ibatis.logging.jdbc.BaseJdbcLogger.debug:145]:==>  Preparing: SELECT a.aid id,a.name FROM admin a WHERE a.username=? AND a.password=? 
[2017-10-11 20:53:26][DEBUG][main][org.apache.ibatis.logging.jdbc.BaseJdbcLogger.debug:145]:==> Parameters: admin(String), admin(String)
[2017-10-11 20:53:26][DEBUG][main][org.apache.ibatis.logging.jdbc.BaseJdbcLogger.debug:145]:<==      Total: 1
[2017-10-11 20:54:33][INFO ][main][org.springframework.boot.StartupInfoLogger.logStarting:48]:Starting MySpringBootTest on lyh with PID 164 (started by ausu1 in D:\毕设选题系统\graduation.platform-master\graduation.platform\graduation.platform)
[2017-10-11 20:54:33][INFO ][main][org.springframework.boot.SpringApplication.logStartupProfileInfo:659]:No active profile set, falling back to default profiles: default
[2017-10-11 20:54:38][INFO ][main][org.springframework.boot.StartupInfoLogger.logStarted:57]:Started MySpringBootTest in 4.968 seconds (JVM running for 5.987)
[2017-10-11 20:54:38][DEBUG][main][org.apache.ibatis.logging.jdbc.BaseJdbcLogger.debug:145]:==>  Preparing: SELECT a.aid id,a.name FROM admin a WHERE a.username=? AND a.password=? 
[2017-10-11 20:54:38][DEBUG][main][org.apache.ibatis.logging.jdbc.BaseJdbcLogger.debug:145]:==> Parameters: admin(String), admin(String)
[2017-10-11 20:54:38][DEBUG][main][org.apache.ibatis.logging.jdbc.BaseJdbcLogger.debug:145]:<==      Total: 1
[2017-10-11 20:55:03][INFO ][restartedMain][org.springframework.boot.StartupInfoLogger.logStarting:48]:Starting App on lyh with PID 4404 (started by ausu1 in D:\毕设选题系统\graduation.platform-master\graduation.platform\graduation.platform)
[2017-10-11 20:55:03][INFO ][restartedMain][org.springframework.boot.SpringApplication.logStartupProfileInfo:659]:No active profile set, falling back to default profiles: default
[2017-10-11 20:55:09][INFO ][restartedMain][org.springframework.boot.StartupInfoLogger.logStarted:57]:Started App in 6.773 seconds (JVM running for 7.414)
[2017-10-11 20:57:05][INFO ][main][org.springframework.boot.StartupInfoLogger.logStarting:48]:Starting MySpringBootTest on lyh with PID 10580 (started by ausu1 in D:\毕设选题系统\graduation.platform-master\graduation.platform\graduation.platform)
[2017-10-11 20:57:05][INFO ][main][org.springframework.boot.SpringApplication.logStartupProfileInfo:659]:No active profile set, falling back to default profiles: default
[2017-10-11 20:57:10][INFO ][main][org.springframework.boot.StartupInfoLogger.logStarted:57]:Started MySpringBootTest in 5.113 seconds (JVM running for 5.965)
[2017-10-11 20:57:10][DEBUG][main][org.apache.ibatis.logging.jdbc.BaseJdbcLogger.debug:145]:==>  Preparing: SELECT a.aid id,a.name FROM admin a WHERE a.username=? AND a.password=? 
[2017-10-11 20:57:10][DEBUG][main][org.apache.ibatis.logging.jdbc.BaseJdbcLogger.debug:145]:==> Parameters: admin(String), admin(String)
[2017-10-11 20:57:10][DEBUG][main][org.apache.ibatis.logging.jdbc.BaseJdbcLogger.debug:145]:<==      Total: 1
[2017-10-11 20:57:42][INFO ][restartedMain][org.springframework.boot.StartupInfoLogger.logStarting:48]:Starting App on lyh with PID 9332 (started by ausu1 in D:\毕设选题系统\graduation.platform-master\graduation.platform\graduation.platform)
[2017-10-11 20:57:42][INFO ][restartedMain][org.springframework.boot.SpringApplication.logStartupProfileInfo:659]:No active profile set, falling back to default profiles: default
[2017-10-11 20:57:48][INFO ][restartedMain][org.springframework.boot.StartupInfoLogger.logStarted:57]:Started App in 6.708 seconds (JVM running for 7.408)
[2017-10-11 21:27:58][INFO ][main][org.springframework.boot.StartupInfoLogger.logStarting:48]:Starting MySpringBootTest on lyh with PID 9324 (started by ausu1 in D:\毕设选题系统\graduation.platform-master\graduation.platform\graduation.platform)
[2017-10-11 21:27:58][INFO ][main][org.springframework.boot.SpringApplication.logStartupProfileInfo:659]:No active profile set, falling back to default profiles: default
[2017-10-11 21:28:02][INFO ][main][org.springframework.boot.StartupInfoLogger.logStarted:57]:Started MySpringBootTest in 5.478 seconds (JVM running for 6.422)
[2017-10-11 21:28:03][DEBUG][main][org.apache.ibatis.logging.jdbc.BaseJdbcLogger.debug:145]:==>  Preparing: SELECT a.aid id,a.name FROM admin a WHERE a.username=? AND a.password=? 
[2017-10-11 21:28:03][DEBUG][main][org.apache.ibatis.logging.jdbc.BaseJdbcLogger.debug:145]:==> Parameters: admin(String), admin(String)
[2017-10-11 21:28:03][DEBUG][main][org.apache.ibatis.logging.jdbc.BaseJdbcLogger.debug:145]:<==      Total: 1
