[2017-10-12 00:02:03][INFO ][main][org.springframework.boot.StartupInfoLogger.logStarting:48]:Starting MySpringBootTest on lyh with PID 10776 (started by ausu1 in D:\毕设选题系统\graduation.platform-master\graduation.platform\graduation.platform)
[2017-10-12 00:02:03][INFO ][main][org.springframework.boot.SpringApplication.logStartupProfileInfo:659]:No active profile set, falling back to default profiles: default
[2017-10-12 00:02:08][INFO ][main][org.springframework.boot.StartupInfoLogger.logStarted:57]:Started MySpringBootTest in 5.469 seconds (JVM running for 6.346)
[2017-10-12 00:02:09][DEBUG][main][org.apache.ibatis.logging.jdbc.BaseJdbcLogger.debug:145]:==>  Preparing: select * from TEACHER 
[2017-10-12 00:02:09][DEBUG][main][org.apache.ibatis.logging.jdbc.BaseJdbcLogger.debug:145]:==> Parameters: 
[2017-10-12 00:02:09][DEBUG][main][org.apache.ibatis.logging.jdbc.BaseJdbcLogger.debug:145]:<==      Total: 0
[2017-10-12 00:07:49][INFO ][main][org.springframework.boot.StartupInfoLogger.logStarting:48]:Starting MySpringBootTest on lyh with PID 4856 (started by ausu1 in D:\毕设选题系统\graduation.platform-master\graduation.platform\graduation.platform)
[2017-10-12 00:07:49][INFO ][main][org.springframework.boot.SpringApplication.logStartupProfileInfo:659]:No active profile set, falling back to default profiles: default
[2017-10-12 00:07:54][INFO ][main][org.springframework.boot.StartupInfoLogger.logStarted:57]:Started MySpringBootTest in 5.162 seconds (JVM running for 6.013)
[2017-10-12 00:07:55][DEBUG][main][org.apache.ibatis.logging.jdbc.BaseJdbcLogger.debug:145]:==>  Preparing: select * from TEACHER 
[2017-10-12 00:07:55][DEBUG][main][org.apache.ibatis.logging.jdbc.BaseJdbcLogger.debug:145]:==> Parameters: 
[2017-10-12 00:07:55][DEBUG][main][org.apache.ibatis.logging.jdbc.BaseJdbcLogger.debug:145]:<==      Total: 1
[2017-10-12 00:08:19][INFO ][main][org.springframework.boot.StartupInfoLogger.logStarting:48]:Starting MySpringBootTest on lyh with PID 11680 (started by ausu1 in D:\毕设选题系统\graduation.platform-master\graduation.platform\graduation.platform)
[2017-10-12 00:08:19][INFO ][main][org.springframework.boot.SpringApplication.logStartupProfileInfo:659]:No active profile set, falling back to default profiles: default
[2017-10-12 00:08:24][INFO ][main][org.springframework.boot.StartupInfoLogger.logStarted:57]:Started MySpringBootTest in 4.925 seconds (JVM running for 5.878)
[2017-10-12 00:08:24][DEBUG][main][org.apache.ibatis.logging.jdbc.BaseJdbcLogger.debug:145]:==>  Preparing: select * from TEACHER 
[2017-10-12 00:08:24][DEBUG][main][org.apache.ibatis.logging.jdbc.BaseJdbcLogger.debug:145]:==> Parameters: 
[2017-10-12 00:08:24][DEBUG][main][org.apache.ibatis.logging.jdbc.BaseJdbcLogger.debug:145]:<==      Total: 1
[2017-10-12 00:12:40][INFO ][main][org.springframework.boot.StartupInfoLogger.logStarting:48]:Starting MySpringBootTest on lyh with PID 7532 (started by ausu1 in D:\毕设选题系统\graduation.platform-master\graduation.platform\graduation.platform)
[2017-10-12 00:12:40][INFO ][main][org.springframework.boot.SpringApplication.logStartupProfileInfo:659]:No active profile set, falling back to default profiles: default
[2017-10-12 00:12:45][INFO ][main][org.springframework.boot.StartupInfoLogger.logStarted:57]:Started MySpringBootTest in 5.239 seconds (JVM running for 6.149)
[2017-10-12 00:12:45][DEBUG][main][org.apache.ibatis.logging.jdbc.BaseJdbcLogger.debug:145]:==>  Preparing: select * from TEACHER 
[2017-10-12 00:12:45][DEBUG][main][org.apache.ibatis.logging.jdbc.BaseJdbcLogger.debug:145]:==> Parameters: 
[2017-10-12 00:12:45][DEBUG][main][org.apache.ibatis.logging.jdbc.BaseJdbcLogger.debug:145]:<==      Total: 2
[2017-10-12 00:14:01][INFO ][main][org.springframework.boot.StartupInfoLogger.logStarting:48]:Starting MySpringBootTest on lyh with PID 7888 (started by ausu1 in D:\毕设选题系统\graduation.platform-master\graduation.platform\graduation.platform)
[2017-10-12 00:14:01][INFO ][main][org.springframework.boot.SpringApplication.logStartupProfileInfo:659]:No active profile set, falling back to default profiles: default
[2017-10-12 00:14:06][INFO ][main][org.springframework.boot.StartupInfoLogger.logStarted:57]:Started MySpringBootTest in 5.649 seconds (JVM running for 6.502)
[2017-10-12 00:14:07][DEBUG][main][org.apache.ibatis.logging.jdbc.BaseJdbcLogger.debug:145]:==>  Preparing: select * from TEACHER 
[2017-10-12 00:14:07][DEBUG][main][org.apache.ibatis.logging.jdbc.BaseJdbcLogger.debug:145]:==> Parameters: 
[2017-10-12 00:14:07][DEBUG][main][org.apache.ibatis.logging.jdbc.BaseJdbcLogger.debug:145]:<==      Total: 2
[2017-10-12 00:14:36][INFO ][main][org.springframework.boot.StartupInfoLogger.logStarting:48]:Starting MySpringBootTest on lyh with PID 10004 (started by ausu1 in D:\毕设选题系统\graduation.platform-master\graduation.platform\graduation.platform)
[2017-10-12 00:14:36][INFO ][main][org.springframework.boot.SpringApplication.logStartupProfileInfo:659]:No active profile set, falling back to default profiles: default
[2017-10-12 00:14:41][INFO ][main][org.springframework.boot.StartupInfoLogger.logStarted:57]:Started MySpringBootTest in 5.34 seconds (JVM running for 6.33)
[2017-10-12 00:14:42][DEBUG][main][org.apache.ibatis.logging.jdbc.BaseJdbcLogger.debug:145]:==>  Preparing: select * from TEACHER 
[2017-10-12 00:14:42][DEBUG][main][org.apache.ibatis.logging.jdbc.BaseJdbcLogger.debug:145]:==> Parameters: 
[2017-10-12 00:14:42][DEBUG][main][org.apache.ibatis.logging.jdbc.BaseJdbcLogger.debug:145]:<==      Total: 2
[2017-10-12 00:15:58][INFO ][main][org.springframework.boot.StartupInfoLogger.logStarting:48]:Starting MySpringBootTest on lyh with PID 11420 (started by ausu1 in D:\毕设选题系统\graduation.platform-master\graduation.platform\graduation.platform)
[2017-10-12 00:15:58][INFO ][main][org.springframework.boot.SpringApplication.logStartupProfileInfo:659]:No active profile set, falling back to default profiles: default
[2017-10-12 00:16:02][INFO ][main][org.springframework.boot.StartupInfoLogger.logStarted:57]:Started MySpringBootTest in 4.947 seconds (JVM running for 5.781)
[2017-10-12 00:16:03][DEBUG][main][org.apache.ibatis.logging.jdbc.BaseJdbcLogger.debug:145]:==>  Preparing: select * from TEACHER WHERE TUNM = username 
[2017-10-12 00:16:03][DEBUG][main][org.apache.ibatis.logging.jdbc.BaseJdbcLogger.debug:145]:==> Parameters: 
[2017-10-12 00:16:49][INFO ][main][org.springframework.boot.StartupInfoLogger.logStarting:48]:Starting MySpringBootTest on lyh with PID 7356 (started by ausu1 in D:\毕设选题系统\graduation.platform-master\graduation.platform\graduation.platform)
[2017-10-12 00:16:49][INFO ][main][org.springframework.boot.SpringApplication.logStartupProfileInfo:659]:No active profile set, falling back to default profiles: default
[2017-10-12 00:16:53][INFO ][main][org.springframework.boot.StartupInfoLogger.logStarted:57]:Started MySpringBootTest in 5.087 seconds (JVM running for 6.055)
[2017-10-12 00:16:54][DEBUG][main][org.apache.ibatis.logging.jdbc.BaseJdbcLogger.debug:145]:==>  Preparing: select * from TEACHER WHERE TNUM = username 
[2017-10-12 00:16:54][DEBUG][main][org.apache.ibatis.logging.jdbc.BaseJdbcLogger.debug:145]:==> Parameters: 
[2017-10-12 00:18:25][INFO ][main][org.springframework.boot.StartupInfoLogger.logStarting:48]:Starting MySpringBootTest on lyh with PID 1244 (started by ausu1 in D:\毕设选题系统\graduation.platform-master\graduation.platform\graduation.platform)
[2017-10-12 00:18:25][INFO ][main][org.springframework.boot.SpringApplication.logStartupProfileInfo:659]:No active profile set, falling back to default profiles: default
[2017-10-12 00:18:30][INFO ][main][org.springframework.boot.StartupInfoLogger.logStarted:57]:Started MySpringBootTest in 5.586 seconds (JVM running for 6.472)
[2017-10-12 00:18:31][DEBUG][main][org.apache.ibatis.logging.jdbc.BaseJdbcLogger.debug:145]:==>  Preparing: select * from TEACHER WHERE TNUM = username 
[2017-10-12 00:18:31][DEBUG][main][org.apache.ibatis.logging.jdbc.BaseJdbcLogger.debug:145]:==> Parameters: 
[2017-10-12 00:19:19][INFO ][main][org.springframework.boot.StartupInfoLogger.logStarting:48]:Starting MySpringBootTest on lyh with PID 11588 (started by ausu1 in D:\毕设选题系统\graduation.platform-master\graduation.platform\graduation.platform)
[2017-10-12 00:19:19][INFO ][main][org.springframework.boot.SpringApplication.logStartupProfileInfo:659]:No active profile set, falling back to default profiles: default
[2017-10-12 00:19:24][INFO ][main][org.springframework.boot.StartupInfoLogger.logStarted:57]:Started MySpringBootTest in 5.76 seconds (JVM running for 6.665)
[2017-10-12 00:19:57][INFO ][main][org.springframework.boot.StartupInfoLogger.logStarting:48]:Starting MySpringBootTest on lyh with PID 10856 (started by ausu1 in D:\毕设选题系统\graduation.platform-master\graduation.platform\graduation.platform)
[2017-10-12 00:19:57][INFO ][main][org.springframework.boot.SpringApplication.logStartupProfileInfo:659]:No active profile set, falling back to default profiles: default
[2017-10-12 00:20:02][INFO ][main][org.springframework.boot.StartupInfoLogger.logStarted:57]:Started MySpringBootTest in 5.279 seconds (JVM running for 6.186)
[2017-10-12 00:20:02][DEBUG][main][org.apache.ibatis.logging.jdbc.BaseJdbcLogger.debug:145]:==>  Preparing: select * from TEACHER WHERE TNUM = username 
[2017-10-12 00:20:02][DEBUG][main][org.apache.ibatis.logging.jdbc.BaseJdbcLogger.debug:145]:==> Parameters: 
[2017-10-12 00:22:43][INFO ][main][org.springframework.boot.StartupInfoLogger.logStarting:48]:Starting MySpringBootTest on lyh with PID 11640 (started by ausu1 in D:\毕设选题系统\graduation.platform-master\graduation.platform\graduation.platform)
[2017-10-12 00:22:43][INFO ][main][org.springframework.boot.SpringApplication.logStartupProfileInfo:659]:No active profile set, falling back to default profiles: default
[2017-10-12 00:22:48][INFO ][main][org.springframework.boot.StartupInfoLogger.logStarted:57]:Started MySpringBootTest in 4.96 seconds (JVM running for 5.842)
[2017-10-12 00:22:48][DEBUG][main][org.apache.ibatis.logging.jdbc.BaseJdbcLogger.debug:145]:==>  Preparing: select * from TEACHER WHERE TNUM = username 
[2017-10-12 00:22:48][DEBUG][main][org.apache.ibatis.logging.jdbc.BaseJdbcLogger.debug:145]:==> Parameters: 
[2017-10-12 00:23:25][INFO ][main][org.springframework.boot.StartupInfoLogger.logStarting:48]:Starting MySpringBootTest on lyh with PID 11288 (started by ausu1 in D:\毕设选题系统\graduation.platform-master\graduation.platform\graduation.platform)
[2017-10-12 00:23:25][INFO ][main][org.springframework.boot.SpringApplication.logStartupProfileInfo:659]:No active profile set, falling back to default profiles: default
[2017-10-12 00:23:29][INFO ][main][org.springframework.boot.StartupInfoLogger.logStarted:57]:Started MySpringBootTest in 4.966 seconds (JVM running for 5.896)
[2017-10-12 00:23:30][DEBUG][main][org.apache.ibatis.logging.jdbc.BaseJdbcLogger.debug:145]:==>  Preparing: select * from TEACHER WHERE TNUM = ? 
[2017-10-12 00:23:30][DEBUG][main][org.apache.ibatis.logging.jdbc.BaseJdbcLogger.debug:145]:==> Parameters: teac(String)
[2017-10-12 00:23:30][DEBUG][main][org.apache.ibatis.logging.jdbc.BaseJdbcLogger.debug:145]:<==      Total: 1
[2017-10-12 00:24:09][INFO ][main][org.springframework.boot.StartupInfoLogger.logStarting:48]:Starting MySpringBootTest on lyh with PID 2416 (started by ausu1 in D:\毕设选题系统\graduation.platform-master\graduation.platform\graduation.platform)
[2017-10-12 00:24:09][INFO ][main][org.springframework.boot.SpringApplication.logStartupProfileInfo:659]:No active profile set, falling back to default profiles: default
[2017-10-12 00:24:13][INFO ][main][org.springframework.boot.StartupInfoLogger.logStarted:57]:Started MySpringBootTest in 4.992 seconds (JVM running for 5.833)
[2017-10-12 00:24:14][DEBUG][main][org.apache.ibatis.logging.jdbc.BaseJdbcLogger.debug:145]:==>  Preparing: select * from TEACHER 
[2017-10-12 00:24:14][DEBUG][main][org.apache.ibatis.logging.jdbc.BaseJdbcLogger.debug:145]:==> Parameters: 
[2017-10-12 00:24:14][DEBUG][main][org.apache.ibatis.logging.jdbc.BaseJdbcLogger.debug:145]:<==      Total: 2
[2017-10-12 00:24:37][INFO ][main][org.springframework.boot.StartupInfoLogger.logStarting:48]:Starting MySpringBootTest on lyh with PID 12248 (started by ausu1 in D:\毕设选题系统\graduation.platform-master\graduation.platform\graduation.platform)
[2017-10-12 00:24:37][INFO ][main][org.springframework.boot.SpringApplication.logStartupProfileInfo:659]:No active profile set, falling back to default profiles: default
[2017-10-12 00:24:41][INFO ][main][org.springframework.boot.StartupInfoLogger.logStarted:57]:Started MySpringBootTest in 4.922 seconds (JVM running for 5.76)
[2017-10-12 00:24:42][DEBUG][main][org.apache.ibatis.logging.jdbc.BaseJdbcLogger.debug:145]:==>  Preparing: select * from TEACHER WHERE TNUM = ? 
[2017-10-12 00:24:42][DEBUG][main][org.apache.ibatis.logging.jdbc.BaseJdbcLogger.debug:145]:==> Parameters: teac(String)
[2017-10-12 00:24:42][DEBUG][main][org.apache.ibatis.logging.jdbc.BaseJdbcLogger.debug:145]:<==      Total: 1
[2017-10-12 10:32:25][INFO ][main][org.springframework.boot.StartupInfoLogger.logStarting:48]:Starting MySpringBootTest on lyh with PID 11016 (started by ausu1 in D:\毕设选题系统\graduation.platform-master\graduation.platform\graduation.platform)
[2017-10-12 10:32:25][INFO ][main][org.springframework.boot.SpringApplication.logStartupProfileInfo:659]:No active profile set, falling back to default profiles: default
[2017-10-12 10:32:30][INFO ][main][org.springframework.boot.StartupInfoLogger.logStarted:57]:Started MySpringBootTest in 5.785 seconds (JVM running for 7.201)
[2017-10-12 10:32:31][DEBUG][main][org.apache.ibatis.logging.jdbc.BaseJdbcLogger.debug:145]:==>  Preparing: select * from TEACHER WHERE TNUM = ? 
[2017-10-12 10:32:31][DEBUG][main][org.apache.ibatis.logging.jdbc.BaseJdbcLogger.debug:145]:==> Parameters: teac(String)
[2017-10-12 10:32:31][DEBUG][main][org.apache.ibatis.logging.jdbc.BaseJdbcLogger.debug:145]:<==      Total: 1
[2017-10-12 10:52:54][INFO ][main][org.springframework.boot.StartupInfoLogger.logStarting:48]:Starting MySpringBootTest on lyh with PID 6188 (started by ausu1 in D:\毕设选题系统\graduation.platform-master\graduation.platform\graduation.platform)
[2017-10-12 10:52:54][INFO ][main][org.springframework.boot.SpringApplication.logStartupProfileInfo:659]:No active profile set, falling back to default profiles: default
[2017-10-12 10:54:24][INFO ][main][org.springframework.boot.StartupInfoLogger.logStarting:48]:Starting MySpringBootTest on lyh with PID 2816 (started by ausu1 in D:\毕设选题系统\graduation.platform-master\graduation.platform\graduation.platform)
[2017-10-12 10:54:24][INFO ][main][org.springframework.boot.SpringApplication.logStartupProfileInfo:659]:No active profile set, falling back to default profiles: default
[2017-10-12 10:55:15][INFO ][main][org.springframework.boot.StartupInfoLogger.logStarting:48]:Starting MySpringBootTest on lyh with PID 10416 (started by ausu1 in D:\毕设选题系统\graduation.platform-master\graduation.platform\graduation.platform)
[2017-10-12 10:55:15][INFO ][main][org.springframework.boot.SpringApplication.logStartupProfileInfo:659]:No active profile set, falling back to default profiles: default
[2017-10-12 10:56:57][INFO ][main][org.springframework.boot.StartupInfoLogger.logStarting:48]:Starting MySpringBootTest on lyh with PID 9144 (started by ausu1 in D:\毕设选题系统\graduation.platform-master\graduation.platform\graduation.platform)
[2017-10-12 10:56:57][INFO ][main][org.springframework.boot.SpringApplication.logStartupProfileInfo:659]:No active profile set, falling back to default profiles: default
[2017-10-12 11:00:20][INFO ][main][org.springframework.boot.StartupInfoLogger.logStarting:48]:Starting MySpringBootTest on lyh with PID 10464 (started by ausu1 in D:\毕设选题系统\graduation.platform-master\graduation.platform\graduation.platform)
[2017-10-12 11:00:20][INFO ][main][org.springframework.boot.SpringApplication.logStartupProfileInfo:659]:No active profile set, falling back to default profiles: default
